LINE 430 : 2018-04-21 09:26:13,091 [INFO    ] Parsing data files for GSEA.............................
LINE 130 : 2018-04-21 09:26:13,091 [INFO    ] Downloading and generating Enrichr library gene sets......
LINE 135 : 2018-04-21 09:26:13,091 [INFO    ] Enrichr library gene sets already downloaded, use local file
LINE 116 : 2018-04-21 09:26:13,091 [INFO    ] User Defined gene sets is given.......continue..........
LINE 102 : 2018-04-21 09:26:13,368 [INFO    ] 0271 gene_sets have been filtered out when max_size=500 and min_size=15
LINE 434 : 2018-04-21 09:26:13,369 [INFO    ] 0022 gene_sets used for further statistical testing.....
LINE 435 : 2018-04-21 09:26:13,369 [INFO    ] Start to run GSEA...Might take a while..................
LINE 456 : 2018-04-21 09:26:13,369 [DEBUG   ] Start to compute enrichment scores......................
LINE 480 : 2018-04-21 09:26:13,369 [DEBUG   ] Start to compute es and esnulls........................
LINE 560 : 2018-04-21 09:26:15,461 [DEBUG   ] Start to compute pvals..................................
LINE 582 : 2018-04-21 09:26:15,466 [DEBUG   ] Compute normalized enrichment score and normalized esnull
LINE 598 : 2018-04-21 09:26:15,467 [DEBUG   ] start to compute fdrs..................................
LINE 632 : 2018-04-21 09:26:15,469 [DEBUG   ] Statistical testing finished.............................
LINE 443 : 2018-04-21 09:26:15,470 [INFO    ] Start to generate gseapy reports, and produce figures...
LINE 455 : 2018-04-21 09:26:50,802 [INFO    ] Congratulations. GSEApy run successfully................

LINE 121 : 2018-04-21 09:27:46,091 [DEBUG   ] diff parser start
LINE 132 : 2018-04-21 09:27:46,091 [DEBUG   ] diff parser calculated
LINE 133 : 2018-04-21 09:27:46,091 [DEBUG   ] diff: line_lengths old: 7, new: 1
LINE 137 : 2018-04-21 09:27:46,091 [DEBUG   ] diff replace old[1:7] new[1:1]
LINE 257 : 2018-04-21 09:27:46,092 [DEBUG   ] parse_part from 1 to 1 (to 0 in part parser)
LINE 166 : 2018-04-21 09:27:46,093 [DEBUG   ] diff parser end
LINE 120 : 2018-04-21 09:27:46,154 [DEBUG   ] pickle loaded: /Users/wckdouglas/miniconda3/lib/python3.6/site-packages/pandas/core/series.py
LINE 120 : 2018-04-21 09:27:46,196 [DEBUG   ] pickle loaded: /Users/wckdouglas/miniconda3/lib/python3.6/collections/__init__.py
LINE 121 : 2018-04-21 09:28:06,219 [DEBUG   ] diff parser start
LINE 132 : 2018-04-21 09:28:06,219 [DEBUG   ] diff parser calculated
LINE 133 : 2018-04-21 09:28:06,219 [DEBUG   ] diff: line_lengths old: 1, new: 1
LINE 137 : 2018-04-21 09:28:06,219 [DEBUG   ] diff replace old[1:1] new[1:1]
LINE 257 : 2018-04-21 09:28:06,220 [DEBUG   ] parse_part from 1 to 1 (to 0 in part parser)
LINE 166 : 2018-04-21 09:28:06,220 [DEBUG   ] diff parser end
LINE 121 : 2018-04-21 09:28:11,992 [DEBUG   ] diff parser start
LINE 132 : 2018-04-21 09:28:11,992 [DEBUG   ] diff parser calculated
LINE 133 : 2018-04-21 09:28:11,993 [DEBUG   ] diff: line_lengths old: 1, new: 1
LINE 137 : 2018-04-21 09:28:11,993 [DEBUG   ] diff replace old[1:1] new[1:1]
LINE 257 : 2018-04-21 09:28:11,993 [DEBUG   ] parse_part from 1 to 1 (to 0 in part parser)
LINE 166 : 2018-04-21 09:28:11,993 [DEBUG   ] diff parser end
LINE 121 : 2018-04-21 09:31:23,855 [DEBUG   ] diff parser start
LINE 132 : 2018-04-21 09:31:23,856 [DEBUG   ] diff parser calculated
LINE 133 : 2018-04-21 09:31:23,856 [DEBUG   ] diff: line_lengths old: 1, new: 1
LINE 137 : 2018-04-21 09:31:23,856 [DEBUG   ] diff replace old[1:1] new[1:1]
LINE 257 : 2018-04-21 09:31:23,857 [DEBUG   ] parse_part from 1 to 1 (to 0 in part parser)
LINE 166 : 2018-04-21 09:31:23,857 [DEBUG   ] diff parser end
LINE 120 : 2018-04-21 09:31:24,225 [DEBUG   ] pickle loaded: /Users/wckdouglas/miniconda3/lib/python3.6/site-packages/numpy/core/fromnumeric.py
LINE 121 : 2018-04-21 09:31:24,230 [DEBUG   ] diff parser start
LINE 132 : 2018-04-21 09:31:24,239 [DEBUG   ] diff parser calculated
LINE 133 : 2018-04-21 09:31:24,239 [DEBUG   ] diff: line_lengths old: 3127, new: 3147
LINE 137 : 2018-04-21 09:31:24,239 [DEBUG   ] diff equal old[1:1164] new[1:1164]
LINE 208 : 2018-04-21 09:31:24,240 [DEBUG   ] diff actually copy 1 to 1140
LINE 257 : 2018-04-21 09:31:24,240 [DEBUG   ] parse_part from 1141 to 1191 (to 1191 in part parser)
LINE 137 : 2018-04-21 09:31:24,241 [DEBUG   ] diff insert old[1165:1164] new[1165:1174]
LINE 137 : 2018-04-21 09:31:24,241 [DEBUG   ] diff equal old[1165:1171] new[1175:1181]
LINE 137 : 2018-04-21 09:31:24,241 [DEBUG   ] diff replace old[1172:1172] new[1182:1188]
LINE 137 : 2018-04-21 09:31:24,241 [DEBUG   ] diff equal old[1173:1511] new[1189:1527]
LINE 208 : 2018-04-21 09:31:24,241 [DEBUG   ] diff actually copy 1192 to 1195
LINE 257 : 2018-04-21 09:31:24,242 [DEBUG   ] parse_part from 1196 to 1203 (to 1203 in part parser)
LINE 257 : 2018-04-21 09:31:24,250 [DEBUG   ] parse_part from 1202 to 1561 (to 1561 in part parser)
LINE 137 : 2018-04-21 09:31:24,250 [DEBUG   ] diff replace old[1512:1512] new[1528:1528]
LINE 137 : 2018-04-21 09:31:24,250 [DEBUG   ] diff equal old[1513:1513] new[1529:1529]
LINE 137 : 2018-04-21 09:31:24,250 [DEBUG   ] diff replace old[1514:1516] new[1530:1532]
LINE 137 : 2018-04-21 09:31:24,250 [DEBUG   ] diff equal old[1517:1517] new[1533:1533]
LINE 137 : 2018-04-21 09:31:24,250 [DEBUG   ] diff replace old[1518:1518] new[1534:1534]
LINE 137 : 2018-04-21 09:31:24,250 [DEBUG   ] diff equal old[1519:1669] new[1535:1685]
LINE 208 : 2018-04-21 09:31:24,251 [DEBUG   ] diff actually copy 1562 to 1562
LINE 208 : 2018-04-21 09:31:24,251 [DEBUG   ] diff actually copy 1579 to 1670
LINE 257 : 2018-04-21 09:31:24,252 [DEBUG   ] parse_part from 1671 to 1726 (to 1726 in part parser)
LINE 137 : 2018-04-21 09:31:24,252 [DEBUG   ] diff replace old[1670:1674] new[1686:1694]
LINE 137 : 2018-04-21 09:31:24,252 [DEBUG   ] diff equal old[1675:1702] new[1695:1722]
LINE 137 : 2018-04-21 09:31:24,252 [DEBUG   ] diff replace old[1703:1703] new[1723:1723]
LINE 137 : 2018-04-21 09:31:24,252 [DEBUG   ] diff equal old[1704:3127] new[1724:3147]
LINE 208 : 2018-04-21 09:31:24,252 [DEBUG   ] diff actually copy 1727 to 1727
LINE 208 : 2018-04-21 09:31:24,252 [DEBUG   ] diff actually copy 1748 to 3146
LINE 166 : 2018-04-21 09:31:24,255 [DEBUG   ] diff parser end
LINE 121 : 2018-04-21 09:31:51,844 [DEBUG   ] diff parser start
LINE 132 : 2018-04-21 09:31:51,846 [DEBUG   ] diff parser calculated
LINE 133 : 2018-04-21 09:31:51,846 [DEBUG   ] diff: line_lengths old: 1, new: 1
LINE 137 : 2018-04-21 09:31:51,846 [DEBUG   ] diff replace old[1:1] new[1:1]
LINE 257 : 2018-04-21 09:31:51,847 [DEBUG   ] parse_part from 1 to 1 (to 0 in part parser)
LINE 166 : 2018-04-21 09:31:51,847 [DEBUG   ] diff parser end
LINE 121 : 2018-04-21 09:33:22,622 [DEBUG   ] diff parser start
LINE 132 : 2018-04-21 09:33:22,625 [DEBUG   ] diff parser calculated
LINE 133 : 2018-04-21 09:33:22,625 [DEBUG   ] diff: line_lengths old: 1, new: 1
LINE 137 : 2018-04-21 09:33:22,626 [DEBUG   ] diff replace old[1:1] new[1:1]
LINE 257 : 2018-04-21 09:33:22,626 [DEBUG   ] parse_part from 1 to 1 (to 0 in part parser)
LINE 166 : 2018-04-21 09:33:22,626 [DEBUG   ] diff parser end
LINE 121 : 2018-04-21 09:33:23,793 [DEBUG   ] diff parser start
LINE 132 : 2018-04-21 09:33:23,793 [DEBUG   ] diff parser calculated
LINE 133 : 2018-04-21 09:33:23,793 [DEBUG   ] diff: line_lengths old: 1, new: 1
LINE 137 : 2018-04-21 09:33:23,793 [DEBUG   ] diff replace old[1:1] new[1:1]
LINE 257 : 2018-04-21 09:33:23,793 [DEBUG   ] parse_part from 1 to 1 (to 0 in part parser)
LINE 166 : 2018-04-21 09:33:23,793 [DEBUG   ] diff parser end
